Using pre-set license
Built from '2021.3/china_unity/release' branch; Version is '2021.3.45f1c1 (9d8da11b98d3) revision 10325409'; Using compiler version '192829333'; Build Type 'Release'
OS: 'Windows 11  (10.0.26100) 64bit CoreCountrySpecific' Language: 'zh' Physical Memory: 16010 MB
BatchMode: 1, IsHumanControllingUs: 0, StartBugReporterOnCrash: 0, Is64bit: 1, IsPro: 1

COMMAND LINE ARGUMENTS:
K:\unity\2021.3.45f1c1\Editor\Unity.exe
-adb2
-batchMode
-noUpm
-name
AssetImportWorker1
-projectPath
K:/0.客户端/DarkSouls
-logFile
Logs/AssetImportWorker1.log
-srvPort
52580
Successfully changed project path to: K:/0.客户端/DarkSouls
K:/0.客户端/DarkSouls
[UnityMemory] Configuration Parameters - Can be set up in boot.config
    "memorysetup-bucket-allocator-granularity=16"
    "memorysetup-bucket-allocator-bucket-count=8"
    "memorysetup-bucket-allocator-block-size=33554432"
    "memorysetup-bucket-allocator-block-count=8"
    "memorysetup-main-allocator-block-size=16777216"
    "memorysetup-thread-allocator-block-size=16777216"
    "memorysetup-gfx-main-allocator-block-size=16777216"
    "memorysetup-gfx-thread-allocator-block-size=16777216"
    "memorysetup-cache-allocator-block-size=4194304"
    "memorysetup-typetree-allocator-block-size=2097152"
    "memorysetup-profiler-bucket-allocator-granularity=16"
    "memorysetup-profiler-bucket-allocator-bucket-count=8"
    "memorysetup-profiler-bucket-allocator-block-size=33554432"
    "memorysetup-profiler-bucket-allocator-block-count=8"
    "memorysetup-profiler-allocator-block-size=16777216"
    "memorysetup-profiler-editor-allocator-block-size=1048576"
    "memorysetup-temp-allocator-size-main=16777216"
    "memorysetup-job-temp-allocator-block-size=2097152"
    "memorysetup-job-temp-allocator-block-size-background=1048576"
    "memorysetup-job-temp-allocator-reduction-small-platforms=262144"
    "memorysetup-temp-allocator-size-background-worker=32768"
    "memorysetup-temp-allocator-size-job-worker=262144"
    "memorysetup-temp-allocator-size-preload-manager=33554432"
    "memorysetup-temp-allocator-size-nav-mesh-worker=65536"
    "memorysetup-temp-allocator-size-audio-worker=65536"
    "memorysetup-temp-allocator-size-cloud-worker=32768"
    "memorysetup-temp-allocator-size-gi-baking-worker=262144"
    "memorysetup-temp-allocator-size-gfx=262144"
Player connection [625600] Host "[IP] 192.168.217.39 [Port] 0 [Flags] 2 [Guid] 2472624438 [EditorId] 2472624438 [Version] 1048832 [Id] WindowsEditor(7,Zvezda) [Debug] 1 [PackageName] WindowsEditor [ProjectName] Editor" joined multi-casting on [225.0.0.222:54997]...

Player connection [625600] Host "[IP] 192.168.217.39 [Port] 0 [Flags] 2 [Guid] 2472624438 [EditorId] 2472624438 [Version] 1048832 [Id] WindowsEditor(7,Zvezda) [Debug] 1 [PackageName] WindowsEditor [ProjectName] Editor" joined alternative multi-casting on [225.0.0.222:34997]...

AS: AutoStreaming module initializing.
[Physics::Module] Initialized MultithreadedJobDispatcher with {0} workers.
Refreshing native plugins compatible for Editor in 28.79 ms, found 3 plugins.
Preloading 0 native plugins for Editor in 0.00 ms.
Initialize engine version: 2021.3.45f1c1 (9d8da11b98d3)
[Subsystems] Discovering subsystems at path K:/unity/2021.3.45f1c1/Editor/Data/Resources/UnitySubsystems
[Subsystems] Discovering subsystems at path K:/0.客户端/DarkSouls/Assets
GfxDevice: creating device client; threaded=0; jobified=0
Direct3D:
    Version:  Direct3D 11.0 [level 11.1]
    Renderer: NVIDIA GeForce RTX 4060 Laptop GPU (ID=0x28e0)
    Vendor:   NVIDIA
    VRAM:     7957 MB
    Driver:   32.0.15.6607
Initialize mono
Mono path[0] = 'K:/unity/2021.3.45f1c1/Editor/Data/Managed'
Mono path[1] = 'K:/unity/2021.3.45f1c1/Editor/Data/MonoBleedingEdge/lib/mono/unityjit-win32'
Mono config path = 'K:/unity/2021.3.45f1c1/Editor/Data/MonoBleedingEdge/etc'
Using monoOptions --debugger-agent=transport=dt_socket,embedding=1,server=y,suspend=n,address=127.0.0.1:56704
Begin MonoManager ReloadAssembly
Registering precompiled unity dll's ...
Register platform support module: K:/unity/2021.3.45f1c1/Editor/Data/PlaybackEngines/WindowsStandaloneSupport/UnityEditor.WindowsStandalone.Extensions.dll
Registered in 0.001289 seconds.
Native extension for WindowsStandalone target not found
Refreshing native plugins compatible for Editor in 30.43 ms, found 3 plugins.
Preloading 0 native plugins for Editor in 0.00 ms.
Mono: successfully reloaded assembly
- Completed reload, in  0.393 seconds
Domain Reload Profiling:
	ReloadAssembly (393ms)
		BeginReloadAssembly (66ms)
			ExecutionOrderSort (0ms)
			DisableScriptedObjects (0ms)
			BackupInstance (0ms)
			ReleaseScriptingObjects (0ms)
			CreateAndSetChildDomain (0ms)
		EndReloadAssembly (265ms)
			LoadAssemblies (64ms)
			RebuildTransferFunctionScriptingTraits (0ms)
			SetupTypeCache (71ms)
			ReleaseScriptCaches (0ms)
			RebuildScriptCaches (19ms)
			SetupLoadedEditorAssemblies (150ms)
				LogAssemblyErrors (0ms)
				InitializePlatformSupportModulesInManaged (5ms)
				SetLoadedEditorAssemblies (0ms)
				RefreshPlugins (31ms)
				BeforeProcessingInitializeOnLoad (1ms)
				ProcessInitializeOnLoadAttributes (84ms)
				ProcessInitializeOnLoadMethodAttributes (30ms)
				AfterProcessingInitializeOnLoad (0ms)
				EditorAssembliesLoaded (0ms)
			ExecutionOrderSort2 (0ms)
			AwakeInstancesAfterBackupRestoration (0ms)
Platform modules already initialized, skipping
Registering precompiled user dll's ...
Registered in 0.005435 seconds.
Begin MonoManager ReloadAssembly
Native extension for WindowsStandalone target not found
Refreshing native plugins compatible for Editor in 0.41 ms, found 3 plugins.
Preloading 0 native plugins for Editor in 0.00 ms.
Package Manager log level set to [2]
[Package Manager] Server::EnsureServerProcessIsRunning -- launch failed, reason: Unity was launched with the -noUpm command-line argument
[Package Manager] Cannot connect to Unity Package Manager local server
Mono: successfully reloaded assembly
- Completed reload, in  1.077 seconds
Domain Reload Profiling:
	ReloadAssembly (1077ms)
		BeginReloadAssembly (86ms)
			ExecutionOrderSort (0ms)
			DisableScriptedObjects (4ms)
			BackupInstance (0ms)
			ReleaseScriptingObjects (0ms)
			CreateAndSetChildDomain (13ms)
		EndReloadAssembly (915ms)
			LoadAssemblies (64ms)
			RebuildTransferFunctionScriptingTraits (0ms)
			SetupTypeCache (188ms)
			ReleaseScriptCaches (0ms)
			RebuildScriptCaches (34ms)
			SetupLoadedEditorAssemblies (618ms)
				LogAssemblyErrors (0ms)
				InitializePlatformSupportModulesInManaged (3ms)
				SetLoadedEditorAssemblies (0ms)
				RefreshPlugins (0ms)
				BeforeProcessingInitializeOnLoad (39ms)
				ProcessInitializeOnLoadAttributes (558ms)
				ProcessInitializeOnLoadMethodAttributes (15ms)
				AfterProcessingInitializeOnLoad (3ms)
				EditorAssembliesLoaded (0ms)
			ExecutionOrderSort2 (0ms)
			AwakeInstancesAfterBackupRestoration (4ms)
Platform modules already initialized, skipping
========================================================================
Worker process is ready to serve import requests
Launched and connected shader compiler UnityShaderCompiler.exe after 0.03 seconds
Refreshing native plugins compatible for Editor in 0.47 ms, found 3 plugins.
Preloading 0 native plugins for Editor in 0.00 ms.
Unloading 3081 Unused Serialized files (Serialized files now loaded: 0)
Unloading 24 unused Assets / (46.4 KB). Loaded Objects now: 3541.
Memory consumption went from 111.0 MB to 111.0 MB.
Total: 2.415700 ms (FindLiveObjects: 0.251200 ms CreateObjectMapping: 0.062300 ms MarkObjects: 2.031000 ms  DeleteObjects: 0.069600 ms)

AssetImportParameters requested are different than current active one (requested -> active):
  custom:video-decoder-ogg-theora: a1e56fd34408186e4bbccfd4996cb3dc -> 
  custom:container-muxer-webm: aa71ff27fc2769a1b78a27578f13a17b -> 
  custom:container-demuxer-webm: 4f35f7cbe854078d1ac9338744f61a02 -> 
  custom:video-encoder-webm-vp8: eb34c28f22e8b96e1ab97ce403110664 -> 
  custom:video-codec-MediaFoundation-h265: 746d11721c4dcdbdad8f713fa42b33f4 -> 
  custom:CustomObjectIndexerAttribute: bc11b3a6c3213fcdd17b65e7da85e133 -> 
  custom:audio-encoder-webm-vorbis: bf7c407c2cedff20999df2af8eb42d56 -> 
  custom:framework-win-MediaFoundation: 216162199b28c13a410421893ffa2e32 -> 
  custom:SearchIndexIgnoredProperties: e643bd26f0fe6173181afceb89e7c659 -> 
  custom:container-demuxer-ogg: 62fdf1f143b41e24485cea50d1cbac27 -> 
  custom:video-decoder-webm-vp8: 9c59270c3fd7afecdb556c50c9e8de78 -> 
  custom:audio-decoder-ogg-vorbis: bf7c407c2cedff20999df2af8eb42d56 -> 
========================================================================
Received Prepare
Registering precompiled user dll's ...
Registered in 0.009191 seconds.
Begin MonoManager ReloadAssembly
Native extension for WindowsStandalone target not found
Refreshing native plugins compatible for Editor in 0.53 ms, found 3 plugins.
Preloading 0 native plugins for Editor in 0.00 ms.
[Package Manager] Server::EnsureServerProcessIsRunning -- launch failed, reason: Unity was launched with the -noUpm command-line argument
[Package Manager] Cannot connect to Unity Package Manager local server
Mono: successfully reloaded assembly
- Completed reload, in  1.458 seconds
Domain Reload Profiling:
	ReloadAssembly (1459ms)
		BeginReloadAssembly (262ms)
			ExecutionOrderSort (0ms)
			DisableScriptedObjects (10ms)
			BackupInstance (0ms)
			ReleaseScriptingObjects (0ms)
			CreateAndSetChildDomain (81ms)
		EndReloadAssembly (1130ms)
			LoadAssemblies (95ms)
			RebuildTransferFunctionScriptingTraits (0ms)
			SetupTypeCache (262ms)
			ReleaseScriptCaches (1ms)
			RebuildScriptCaches (43ms)
			SetupLoadedEditorAssemblies (703ms)
				LogAssemblyErrors (0ms)
				InitializePlatformSupportModulesInManaged (4ms)
				SetLoadedEditorAssemblies (1ms)
				RefreshPlugins (1ms)
				BeforeProcessingInitializeOnLoad (42ms)
				ProcessInitializeOnLoadAttributes (627ms)
				ProcessInitializeOnLoadMethodAttributes (23ms)
				AfterProcessingInitializeOnLoad (6ms)
				EditorAssembliesLoaded (0ms)
			ExecutionOrderSort2 (0ms)
			AwakeInstancesAfterBackupRestoration (8ms)
Platform modules already initialized, skipping
Refreshing native plugins compatible for Editor in 0.37 ms, found 3 plugins.
Preloading 0 native plugins for Editor in 0.00 ms.
Unloading 3075 Unused Serialized files (Serialized files now loaded: 0)
Unloading 19 unused Assets / (21.9 KB). Loaded Objects now: 3545.
Memory consumption went from 110.9 MB to 110.9 MB.
Total: 6.808200 ms (FindLiveObjects: 0.183700 ms CreateObjectMapping: 0.076700 ms MarkObjects: 6.264400 ms  DeleteObjects: 0.282200 ms)

AssetImportParameters requested are different than current active one (requested -> active):
  custom:video-decoder-ogg-theora: a1e56fd34408186e4bbccfd4996cb3dc -> 
  custom:container-muxer-webm: aa71ff27fc2769a1b78a27578f13a17b -> 
  custom:container-demuxer-webm: 4f35f7cbe854078d1ac9338744f61a02 -> 
  custom:video-encoder-webm-vp8: eb34c28f22e8b96e1ab97ce403110664 -> 
  custom:video-codec-MediaFoundation-h265: 746d11721c4dcdbdad8f713fa42b33f4 -> 
  custom:CustomObjectIndexerAttribute: bc11b3a6c3213fcdd17b65e7da85e133 -> 
  custom:audio-encoder-webm-vorbis: bf7c407c2cedff20999df2af8eb42d56 -> 
  custom:framework-win-MediaFoundation: 216162199b28c13a410421893ffa2e32 -> 
  custom:SearchIndexIgnoredProperties: e643bd26f0fe6173181afceb89e7c659 -> 
  custom:container-demuxer-ogg: 62fdf1f143b41e24485cea50d1cbac27 -> 
  custom:video-decoder-webm-vp8: 9c59270c3fd7afecdb556c50c9e8de78 -> 
  custom:audio-decoder-ogg-vorbis: bf7c407c2cedff20999df2af8eb42d56 -> 
========================================================================
Received Import Request.
  Time since last request: 948041.760173 seconds.
  path: Assets/Models/YBot/SwordAndShield/draw sword 2.fbx
  artifactKey: Guid(3051540db7796a14d8f85c2270900ac2) Importer(815301076,1909f56bfc062723c751e8b465ee728b)
Number of updated assets reloaded before import = 0
Start importing Assets/Models/YBot/SwordAndShield/draw sword 2.fbx using Guid(3051540db7796a14d8f85c2270900ac2) Importer(815301076,1909f56bfc062723c751e8b465ee728b)  -> (artifact id: '60e5e11978d03ff231fc309920622727') in 0.139680 seconds 
Number of asset objects unloaded after import = 139
========================================================================
Received Import Request.
  Time since last request: 80.268789 seconds.
  path: Assets/Models/YBot/SwordAndShield/sheath sword 1.fbx
  artifactKey: Guid(171b6e69ca9e37c44885bfbe76d852b3) Importer(815301076,1909f56bfc062723c751e8b465ee728b)
Number of updated assets reloaded before import = 0
Start importing Assets/Models/YBot/SwordAndShield/sheath sword 1.fbx using Guid(171b6e69ca9e37c44885bfbe76d852b3) Importer(815301076,1909f56bfc062723c751e8b465ee728b)  -> (artifact id: 'd8e0913876f876c722938579ce95b251') in 0.045145 seconds 
Number of asset objects unloaded after import = 139
========================================================================
Received Import Request.
  Time since last request: 80.969380 seconds.
  path: Assets/Models/YBot/SwordAndShield/sword and shield attack (2).fbx
  artifactKey: Guid(cb8b82883d188e840b81ef3d02fef0a6) Importer(815301076,1909f56bfc062723c751e8b465ee728b)
Number of updated assets reloaded before import = 0
Start importing Assets/Models/YBot/SwordAndShield/sword and shield attack (2).fbx using Guid(cb8b82883d188e840b81ef3d02fef0a6) Importer(815301076,1909f56bfc062723c751e8b465ee728b)  -> (artifact id: 'efe0ff1832412a510dfea549150de2f5') in 0.054694 seconds 
Number of asset objects unloaded after import = 139
========================================================================
Received Import Request.
  Time since last request: 0.109748 seconds.
  path: Assets/Models/YBot/SwordAndShield/sword and shield block (2).fbx
  artifactKey: Guid(a16563dfac393ae4f847b5a47bc46614) Importer(815301076,1909f56bfc062723c751e8b465ee728b)
Number of updated assets reloaded before import = 0
Start importing Assets/Models/YBot/SwordAndShield/sword and shield block (2).fbx using Guid(a16563dfac393ae4f847b5a47bc46614) Importer(815301076,1909f56bfc062723c751e8b465ee728b)  -> (artifact id: '1b3ce0917cfde2a80ccb1a0fd69d3bee') in 0.046682 seconds 
Number of asset objects unloaded after import = 139
========================================================================
Received Import Request.
  Time since last request: 80.745206 seconds.
  path: Assets/Models/YBot/SwordAndShield/sword and shield casting (2).fbx
  artifactKey: Guid(47ea5d98aa8c4a849aec9106310026c3) Importer(815301076,1909f56bfc062723c751e8b465ee728b)
Number of updated assets reloaded before import = 0
Start importing Assets/Models/YBot/SwordAndShield/sword and shield casting (2).fbx using Guid(47ea5d98aa8c4a849aec9106310026c3) Importer(815301076,1909f56bfc062723c751e8b465ee728b)  -> (artifact id: 'd4b3c9ba48b68aa9a368433bb189f7ef') in 0.047088 seconds 
Number of asset objects unloaded after import = 139
========================================================================
Received Import Request.
  Time since last request: 0.111252 seconds.
  path: Assets/Models/YBot/SwordAndShield/sword and shield crouch block idle.fbx
  artifactKey: Guid(b160cf2194c550c4caee0192a3c94e98) Importer(815301076,1909f56bfc062723c751e8b465ee728b)
Number of updated assets reloaded before import = 0
Start importing Assets/Models/YBot/SwordAndShield/sword and shield crouch block idle.fbx using Guid(b160cf2194c550c4caee0192a3c94e98) Importer(815301076,1909f56bfc062723c751e8b465ee728b)  -> (artifact id: '33a121b0abd3ea40b817987a054e1dd5') in 0.038939 seconds 
Number of asset objects unloaded after import = 139
========================================================================
Received Import Request.
  Time since last request: 0.000029 seconds.
  path: Assets/Models/YBot/SwordAndShield/sword and shield impact (3).fbx
  artifactKey: Guid(6d5fe2c07c4f81347b4fb8d2a405f207) Importer(815301076,1909f56bfc062723c751e8b465ee728b)
Number of updated assets reloaded before import = 0
Start importing Assets/Models/YBot/SwordAndShield/sword and shield impact (3).fbx using Guid(6d5fe2c07c4f81347b4fb8d2a405f207) Importer(815301076,1909f56bfc062723c751e8b465ee728b)  -> (artifact id: '0312f7fe573f859db099a09404899c5f') in 0.045417 seconds 
Number of asset objects unloaded after import = 139
========================================================================
Received Import Request.
  Time since last request: 0.000030 seconds.
  path: Assets/Models/YBot/SwordAndShield/sword and shield slash.fbx
  artifactKey: Guid(4831e51d07d01434a9767c5e91b2a464) Importer(815301076,1909f56bfc062723c751e8b465ee728b)
Number of updated assets reloaded before import = 0
Start importing Assets/Models/YBot/SwordAndShield/sword and shield slash.fbx using Guid(4831e51d07d01434a9767c5e91b2a464) Importer(815301076,1909f56bfc062723c751e8b465ee728b)  -> (artifact id: 'ebb2bb8c3213c6c8ee7ac4824f0d97e5') in 0.044377 seconds 
Number of asset objects unloaded after import = 139
========================================================================
Received Import Request.
  Time since last request: 0.000027 seconds.
  path: Assets/Models/YBot/SwordAndShield/sword and shield run (2).fbx
  artifactKey: Guid(ca128265afc9a4e4bb61b76cbf43939a) Importer(815301076,1909f56bfc062723c751e8b465ee728b)
Number of updated assets reloaded before import = 0
Start importing Assets/Models/YBot/SwordAndShield/sword and shield run (2).fbx using Guid(ca128265afc9a4e4bb61b76cbf43939a) Importer(815301076,1909f56bfc062723c751e8b465ee728b)  -> (artifact id: '711938ba964e06e71b7c251215aabdae') in 0.050151 seconds 
Number of asset objects unloaded after import = 139
========================================================================
Received Import Request.
  Time since last request: 0.000022 seconds.
  path: Assets/Models/YBot/SwordAndShield/sword and shield slash (4).fbx
  artifactKey: Guid(2591c8ca644eb1b4f921f7146c88d8b6) Importer(815301076,1909f56bfc062723c751e8b465ee728b)
Number of updated assets reloaded before import = 0
Start importing Assets/Models/YBot/SwordAndShield/sword and shield slash (4).fbx using Guid(2591c8ca644eb1b4f921f7146c88d8b6) Importer(815301076,1909f56bfc062723c751e8b465ee728b)  -> (artifact id: '5c68da638edb9fa950022d64c067094a') in 0.043036 seconds 
Number of asset objects unloaded after import = 139
========================================================================
Received Import Request.
  Time since last request: 0.000058 seconds.
  path: Assets/Models/YBot/SwordAndShield/sword and shield idle (2).fbx
  artifactKey: Guid(66ea8f5f24e93034ca56496d63807a42) Importer(815301076,1909f56bfc062723c751e8b465ee728b)
Number of updated assets reloaded before import = 0
Start importing Assets/Models/YBot/SwordAndShield/sword and shield idle (2).fbx using Guid(66ea8f5f24e93034ca56496d63807a42) Importer(815301076,1909f56bfc062723c751e8b465ee728b)  -> (artifact id: '00eddff9abd50e4e82595cc1daeb8ae5') in 0.040828 seconds 
Number of asset objects unloaded after import = 139
========================================================================
Received Import Request.
  Time since last request: 0.000020 seconds.
  path: Assets/Models/YBot/SwordAndShield/sword and shield slash (5).fbx
  artifactKey: Guid(b49ef66ffa6759d4e950c0c23cd5b2de) Importer(815301076,1909f56bfc062723c751e8b465ee728b)
Number of updated assets reloaded before import = 0
Start importing Assets/Models/YBot/SwordAndShield/sword and shield slash (5).fbx using Guid(b49ef66ffa6759d4e950c0c23cd5b2de) Importer(815301076,1909f56bfc062723c751e8b465ee728b)  -> (artifact id: '45918c6635087503aa5eedd87720c34f') in 0.035499 seconds 
Number of asset objects unloaded after import = 139
========================================================================
Received Import Request.
  Time since last request: 0.000028 seconds.
  path: Assets/Models/YBot/SwordAndShield/sword and shield power up.fbx
  artifactKey: Guid(a7e1d36914bb1564fab059337745c607) Importer(815301076,1909f56bfc062723c751e8b465ee728b)
Number of updated assets reloaded before import = 0
Start importing Assets/Models/YBot/SwordAndShield/sword and shield power up.fbx using Guid(a7e1d36914bb1564fab059337745c607) Importer(815301076,1909f56bfc062723c751e8b465ee728b)  -> (artifact id: '5d4e9819e27752e7fbbc6f3493ec11e9') in 0.036612 seconds 
Number of asset objects unloaded after import = 139
========================================================================
Received Import Request.
  Time since last request: 0.000013 seconds.
  path: Assets/Models/YBot/SwordAndShield/sword and shield crouching (3).fbx
  artifactKey: Guid(f109730c643a4fe419ece01cac24f3a1) Importer(815301076,1909f56bfc062723c751e8b465ee728b)
Number of updated assets reloaded before import = 0
Start importing Assets/Models/YBot/SwordAndShield/sword and shield crouching (3).fbx using Guid(f109730c643a4fe419ece01cac24f3a1) Importer(815301076,1909f56bfc062723c751e8b465ee728b)  -> (artifact id: 'a46cba4cfea6138d749a978acc2c2f48') in 0.037743 seconds 
Number of asset objects unloaded after import = 139
========================================================================
Received Import Request.
  Time since last request: 0.000023 seconds.
  path: Assets/Models/YBot/SwordAndShield/sword and shield impact.fbx
  artifactKey: Guid(c9f00cac6e4cd7342bb2211cd2f1beec) Importer(815301076,1909f56bfc062723c751e8b465ee728b)
Number of updated assets reloaded before import = 0
Start importing Assets/Models/YBot/SwordAndShield/sword and shield impact.fbx using Guid(c9f00cac6e4cd7342bb2211cd2f1beec) Importer(815301076,1909f56bfc062723c751e8b465ee728b)  -> (artifact id: '2f32759d98068aea39e362dc91127648') in 0.043720 seconds 
Number of asset objects unloaded after import = 139
========================================================================
Received Import Request.
  Time since last request: 0.000019 seconds.
  path: Assets/Models/YBot/SwordAndShield/sword and shield attack (4).fbx
  artifactKey: Guid(37b6a3a8547a5cd4f98d210111d2129c) Importer(815301076,1909f56bfc062723c751e8b465ee728b)
Number of updated assets reloaded before import = 0
Start importing Assets/Models/YBot/SwordAndShield/sword and shield attack (4).fbx using Guid(37b6a3a8547a5cd4f98d210111d2129c) Importer(815301076,1909f56bfc062723c751e8b465ee728b)  -> (artifact id: '9b40c827b987cd421fba01b3f14c2466') in 0.035810 seconds 
Number of asset objects unloaded after import = 139
========================================================================
Received Import Request.
  Time since last request: 0.000054 seconds.
  path: Assets/Models/YBot/SwordAndShield/sword and shield death (2).fbx
  artifactKey: Guid(31b244f7726887f438545289d6fd00c0) Importer(815301076,1909f56bfc062723c751e8b465ee728b)
Number of updated assets reloaded before import = 0
Start importing Assets/Models/YBot/SwordAndShield/sword and shield death (2).fbx using Guid(31b244f7726887f438545289d6fd00c0) Importer(815301076,1909f56bfc062723c751e8b465ee728b)  -> (artifact id: '53b421cda06806ae8d47ab6e6904e67a') in 0.046594 seconds 
Number of asset objects unloaded after import = 139
Editor requested this worker to shutdown with reason: Scaling down because of idle timeout
AssetImportWorker is now disconnected from the server
Process exiting
Exiting without the bug reporter. Application will terminate with return code 0