Using pre-set license
Built from '2021.3/china_unity/release' branch; Version is '2021.3.45f1c1 (9d8da11b98d3) revision 10325409'; Using compiler version '192829333'; Build Type 'Release'
OS: 'Windows 11  (10.0.26100) 64bit CoreCountrySpecific' Language: 'zh' Physical Memory: 16010 MB
BatchMode: 1, IsHumanControllingUs: 0, StartBugReporterOnCrash: 0, Is64bit: 1, IsPro: 1

COMMAND LINE ARGUMENTS:
K:\unity\2021.3.45f1c1\Editor\Unity.exe
-adb2
-batchMode
-noUpm
-name
AssetImportWorker2
-projectPath
K:/0.客户端/DarkSouls
-logFile
Logs/AssetImportWorker2.log
-srvPort
52580
Successfully changed project path to: K:/0.客户端/DarkSouls
K:/0.客户端/DarkSouls
[UnityMemory] Configuration Parameters - Can be set up in boot.config
    "memorysetup-bucket-allocator-granularity=16"
    "memorysetup-bucket-allocator-bucket-count=8"
    "memorysetup-bucket-allocator-block-size=33554432"
    "memorysetup-bucket-allocator-block-count=8"
    "memorysetup-main-allocator-block-size=16777216"
    "memorysetup-thread-allocator-block-size=16777216"
    "memorysetup-gfx-main-allocator-block-size=16777216"
    "memorysetup-gfx-thread-allocator-block-size=16777216"
    "memorysetup-cache-allocator-block-size=4194304"
    "memorysetup-typetree-allocator-block-size=2097152"
    "memorysetup-profiler-bucket-allocator-granularity=16"
    "memorysetup-profiler-bucket-allocator-bucket-count=8"
    "memorysetup-profiler-bucket-allocator-block-size=33554432"
    "memorysetup-profiler-bucket-allocator-block-count=8"
    "memorysetup-profiler-allocator-block-size=16777216"
    "memorysetup-profiler-editor-allocator-block-size=1048576"
    "memorysetup-temp-allocator-size-main=16777216"
    "memorysetup-job-temp-allocator-block-size=2097152"
    "memorysetup-job-temp-allocator-block-size-background=1048576"
    "memorysetup-job-temp-allocator-reduction-small-platforms=262144"
    "memorysetup-temp-allocator-size-background-worker=32768"
    "memorysetup-temp-allocator-size-job-worker=262144"
    "memorysetup-temp-allocator-size-preload-manager=33554432"
    "memorysetup-temp-allocator-size-nav-mesh-worker=65536"
    "memorysetup-temp-allocator-size-audio-worker=65536"
    "memorysetup-temp-allocator-size-cloud-worker=32768"
    "memorysetup-temp-allocator-size-gi-baking-worker=262144"
    "memorysetup-temp-allocator-size-gfx=262144"
Player connection [728240] Host "[IP] 192.168.217.39 [Port] 0 [Flags] 2 [Guid] 4034990014 [EditorId] 4034990014 [Version] 1048832 [Id] WindowsEditor(7,Zvezda) [Debug] 1 [PackageName] WindowsEditor [ProjectName] Editor" joined multi-casting on [225.0.0.222:54997]...

Player connection [728240] Host "[IP] 192.168.217.39 [Port] 0 [Flags] 2 [Guid] 4034990014 [EditorId] 4034990014 [Version] 1048832 [Id] WindowsEditor(7,Zvezda) [Debug] 1 [PackageName] WindowsEditor [ProjectName] Editor" joined alternative multi-casting on [225.0.0.222:34997]...

AS: AutoStreaming module initializing.
[Physics::Module] Initialized MultithreadedJobDispatcher with {0} workers.
Refreshing native plugins compatible for Editor in 52.24 ms, found 3 plugins.
Preloading 0 native plugins for Editor in 0.00 ms.
Initialize engine version: 2021.3.45f1c1 (9d8da11b98d3)
[Subsystems] Discovering subsystems at path K:/unity/2021.3.45f1c1/Editor/Data/Resources/UnitySubsystems
[Subsystems] Discovering subsystems at path K:/0.客户端/DarkSouls/Assets
GfxDevice: creating device client; threaded=0; jobified=0
Direct3D:
    Version:  Direct3D 11.0 [level 11.1]
    Renderer: NVIDIA GeForce RTX 4060 Laptop GPU (ID=0x28e0)
    Vendor:   NVIDIA
    VRAM:     7957 MB
    Driver:   32.0.15.6607
Initialize mono
Mono path[0] = 'K:/unity/2021.3.45f1c1/Editor/Data/Managed'
Mono path[1] = 'K:/unity/2021.3.45f1c1/Editor/Data/MonoBleedingEdge/lib/mono/unityjit-win32'
Mono config path = 'K:/unity/2021.3.45f1c1/Editor/Data/MonoBleedingEdge/etc'
Using monoOptions --debugger-agent=transport=dt_socket,embedding=1,server=y,suspend=n,address=127.0.0.1:56840
Begin MonoManager ReloadAssembly
Registering precompiled unity dll's ...
Register platform support module: K:/unity/2021.3.45f1c1/Editor/Data/PlaybackEngines/WindowsStandaloneSupport/UnityEditor.WindowsStandalone.Extensions.dll
Registered in 0.002829 seconds.
Native extension for WindowsStandalone target not found
Refreshing native plugins compatible for Editor in 40.87 ms, found 3 plugins.
Preloading 0 native plugins for Editor in 0.00 ms.
Mono: successfully reloaded assembly
- Completed reload, in  0.580 seconds
Domain Reload Profiling:
	ReloadAssembly (580ms)
		BeginReloadAssembly (120ms)
			ExecutionOrderSort (0ms)
			DisableScriptedObjects (0ms)
			BackupInstance (0ms)
			ReleaseScriptingObjects (0ms)
			CreateAndSetChildDomain (1ms)
		EndReloadAssembly (384ms)
			LoadAssemblies (116ms)
			RebuildTransferFunctionScriptingTraits (0ms)
			SetupTypeCache (100ms)
			ReleaseScriptCaches (0ms)
			RebuildScriptCaches (35ms)
			SetupLoadedEditorAssemblies (215ms)
				LogAssemblyErrors (0ms)
				InitializePlatformSupportModulesInManaged (7ms)
				SetLoadedEditorAssemblies (0ms)
				RefreshPlugins (41ms)
				BeforeProcessingInitializeOnLoad (1ms)
				ProcessInitializeOnLoadAttributes (126ms)
				ProcessInitializeOnLoadMethodAttributes (39ms)
				AfterProcessingInitializeOnLoad (0ms)
				EditorAssembliesLoaded (0ms)
			ExecutionOrderSort2 (0ms)
			AwakeInstancesAfterBackupRestoration (0ms)
Platform modules already initialized, skipping
Registering precompiled user dll's ...
Registered in 0.006309 seconds.
Begin MonoManager ReloadAssembly
Native extension for WindowsStandalone target not found
Refreshing native plugins compatible for Editor in 0.35 ms, found 3 plugins.
Preloading 0 native plugins for Editor in 0.00 ms.
Package Manager log level set to [2]
[Package Manager] Server::EnsureServerProcessIsRunning -- launch failed, reason: Unity was launched with the -noUpm command-line argument
[Package Manager] Cannot connect to Unity Package Manager local server
Mono: successfully reloaded assembly
- Completed reload, in  1.257 seconds
Domain Reload Profiling:
	ReloadAssembly (1258ms)
		BeginReloadAssembly (97ms)
			ExecutionOrderSort (0ms)
			DisableScriptedObjects (4ms)
			BackupInstance (0ms)
			ReleaseScriptingObjects (0ms)
			CreateAndSetChildDomain (16ms)
		EndReloadAssembly (1073ms)
			LoadAssemblies (91ms)
			RebuildTransferFunctionScriptingTraits (0ms)
			SetupTypeCache (205ms)
			ReleaseScriptCaches (0ms)
			RebuildScriptCaches (39ms)
			SetupLoadedEditorAssemblies (721ms)
				LogAssemblyErrors (0ms)
				InitializePlatformSupportModulesInManaged (3ms)
				SetLoadedEditorAssemblies (0ms)
				RefreshPlugins (0ms)
				BeforeProcessingInitializeOnLoad (44ms)
				ProcessInitializeOnLoadAttributes (651ms)
				ProcessInitializeOnLoadMethodAttributes (18ms)
				AfterProcessingInitializeOnLoad (4ms)
				EditorAssembliesLoaded (0ms)
			ExecutionOrderSort2 (0ms)
			AwakeInstancesAfterBackupRestoration (5ms)
Platform modules already initialized, skipping
========================================================================
Worker process is ready to serve import requests
Launched and connected shader compiler UnityShaderCompiler.exe after 0.08 seconds
Refreshing native plugins compatible for Editor in 1.85 ms, found 3 plugins.
Preloading 0 native plugins for Editor in 0.00 ms.
Unloading 3082 Unused Serialized files (Serialized files now loaded: 0)
Unloading 24 unused Assets / (46.5 KB). Loaded Objects now: 3542.
Memory consumption went from 111.0 MB to 111.0 MB.
Total: 4.546900 ms (FindLiveObjects: 0.290200 ms CreateObjectMapping: 0.094600 ms MarkObjects: 4.073400 ms  DeleteObjects: 0.086800 ms)

AssetImportParameters requested are different than current active one (requested -> active):
  custom:video-decoder-ogg-theora: a1e56fd34408186e4bbccfd4996cb3dc -> 
  custom:container-muxer-webm: aa71ff27fc2769a1b78a27578f13a17b -> 
  custom:container-demuxer-webm: 4f35f7cbe854078d1ac9338744f61a02 -> 
  custom:video-encoder-webm-vp8: eb34c28f22e8b96e1ab97ce403110664 -> 
  custom:video-codec-MediaFoundation-h265: 746d11721c4dcdbdad8f713fa42b33f4 -> 
  custom:CustomObjectIndexerAttribute: bc11b3a6c3213fcdd17b65e7da85e133 -> 
  custom:audio-encoder-webm-vorbis: bf7c407c2cedff20999df2af8eb42d56 -> 
  custom:framework-win-MediaFoundation: 216162199b28c13a410421893ffa2e32 -> 
  custom:SearchIndexIgnoredProperties: e643bd26f0fe6173181afceb89e7c659 -> 
  custom:container-demuxer-ogg: 62fdf1f143b41e24485cea50d1cbac27 -> 
  custom:video-decoder-webm-vp8: 9c59270c3fd7afecdb556c50c9e8de78 -> 
  custom:audio-decoder-ogg-vorbis: bf7c407c2cedff20999df2af8eb42d56 -> 
========================================================================
Received Import Request.
  Time since last request: 948284.146166 seconds.
  path: Assets/Models/YBot/SwordAndShield/sword and shield casting.fbx
  artifactKey: Guid(9a647c3952ba09046b48e2da6d7aa23e) Importer(815301076,1909f56bfc062723c751e8b465ee728b)
Number of updated assets reloaded before import = 0
Start importing Assets/Models/YBot/SwordAndShield/sword and shield casting.fbx using Guid(9a647c3952ba09046b48e2da6d7aa23e) Importer(815301076,1909f56bfc062723c751e8b465ee728b)  -> (artifact id: 'b715729b3a9db4228089e6eb09c573b1') in 0.091529 seconds 
Number of asset objects unloaded after import = 139
========================================================================
Received Import Request.
  Time since last request: 0.069305 seconds.
  path: Assets/Models/YBot/SwordAndShield/sheath sword 2.fbx
  artifactKey: Guid(8698d7f75042ef94f8b30ab9a4350e24) Importer(815301076,1909f56bfc062723c751e8b465ee728b)
Number of updated assets reloaded before import = 0
Start importing Assets/Models/YBot/SwordAndShield/sheath sword 2.fbx using Guid(8698d7f75042ef94f8b30ab9a4350e24) Importer(815301076,1909f56bfc062723c751e8b465ee728b)  -> (artifact id: '6967fd4827c34c12654a0b1e271acbf3') in 0.043114 seconds 
Number of asset objects unloaded after import = 139
========================================================================
Received Import Request.
  Time since last request: 0.000031 seconds.
  path: Assets/Models/YBot/SwordAndShield/sword and shield idle (3).fbx
  artifactKey: Guid(2fe409278f4423344be41f482f905d6f) Importer(815301076,1909f56bfc062723c751e8b465ee728b)
Number of updated assets reloaded before import = 0
Start importing Assets/Models/YBot/SwordAndShield/sword and shield idle (3).fbx using Guid(2fe409278f4423344be41f482f905d6f) Importer(815301076,1909f56bfc062723c751e8b465ee728b)  -> (artifact id: '19ff7c1ad6ecc970ac640292679e50d7') in 0.046456 seconds 
Number of asset objects unloaded after import = 139
========================================================================
Received Import Request.
  Time since last request: 0.000070 seconds.
  path: Assets/Models/YBot/SwordAndShield/sword and shield run.fbx
  artifactKey: Guid(ff39722c6e51da1449fe51444d6d38ff) Importer(815301076,1909f56bfc062723c751e8b465ee728b)
Number of updated assets reloaded before import = 0
Start importing Assets/Models/YBot/SwordAndShield/sword and shield run.fbx using Guid(ff39722c6e51da1449fe51444d6d38ff) Importer(815301076,1909f56bfc062723c751e8b465ee728b)  -> (artifact id: '461ed062dfb5997b0891b279c587f821') in 0.041018 seconds 
Number of asset objects unloaded after import = 139
========================================================================
Received Import Request.
  Time since last request: 0.000024 seconds.
  path: Assets/Models/YBot/SwordAndShield/sword and shield crouch.fbx
  artifactKey: Guid(d96b110384f9ba846bdf9ba275f58e6c) Importer(815301076,1909f56bfc062723c751e8b465ee728b)
Number of updated assets reloaded before import = 0
Start importing Assets/Models/YBot/SwordAndShield/sword and shield crouch.fbx using Guid(d96b110384f9ba846bdf9ba275f58e6c) Importer(815301076,1909f56bfc062723c751e8b465ee728b)  -> (artifact id: '9969a549d2894db130a80671b4d565e2') in 0.049429 seconds 
Number of asset objects unloaded after import = 139
========================================================================
Received Import Request.
  Time since last request: 0.000026 seconds.
  path: Assets/Models/YBot/SwordAndShield/sword and shield strafe (3).fbx
  artifactKey: Guid(21386c9f515a90744b8e2c9f76b205ae) Importer(815301076,1909f56bfc062723c751e8b465ee728b)
Number of updated assets reloaded before import = 0
Start importing Assets/Models/YBot/SwordAndShield/sword and shield strafe (3).fbx using Guid(21386c9f515a90744b8e2c9f76b205ae) Importer(815301076,1909f56bfc062723c751e8b465ee728b)  -> (artifact id: '376305877c2142e7188db63c004b53aa') in 0.042684 seconds 
Number of asset objects unloaded after import = 139
========================================================================
Received Import Request.
  Time since last request: 0.000028 seconds.
  path: Assets/Models/YBot/SwordAndShield/sword and shield strafe (4).fbx
  artifactKey: Guid(1a691e0ad9c30f249905effc398e6372) Importer(815301076,1909f56bfc062723c751e8b465ee728b)
Number of updated assets reloaded before import = 0
Start importing Assets/Models/YBot/SwordAndShield/sword and shield strafe (4).fbx using Guid(1a691e0ad9c30f249905effc398e6372) Importer(815301076,1909f56bfc062723c751e8b465ee728b)  -> (artifact id: 'ba64cc30653bb160e258ce35014cf1ae') in 0.042271 seconds 
Number of asset objects unloaded after import = 139
========================================================================
Received Import Request.
  Time since last request: 0.000021 seconds.
  path: Assets/Models/YBot/SwordAndShield/sword and shield death.fbx
  artifactKey: Guid(928b7192b6ef69b4cb4d236c46390ee1) Importer(815301076,1909f56bfc062723c751e8b465ee728b)
Number of updated assets reloaded before import = 0
Start importing Assets/Models/YBot/SwordAndShield/sword and shield death.fbx using Guid(928b7192b6ef69b4cb4d236c46390ee1) Importer(815301076,1909f56bfc062723c751e8b465ee728b)  -> (artifact id: '0c900f4da8a772b4a96936f512862441') in 0.033367 seconds 
Number of asset objects unloaded after import = 139
========================================================================
Received Import Request.
  Time since last request: 0.000028 seconds.
  path: Assets/Models/YBot/SwordAndShield/sword and shield crouch block.fbx
  artifactKey: Guid(52e4c35715f825f4580a958ff06c5b37) Importer(815301076,1909f56bfc062723c751e8b465ee728b)
Number of updated assets reloaded before import = 0
Start importing Assets/Models/YBot/SwordAndShield/sword and shield crouch block.fbx using Guid(52e4c35715f825f4580a958ff06c5b37) Importer(815301076,1909f56bfc062723c751e8b465ee728b)  -> (artifact id: '6a612e87c46e49291b7e3127e584166b') in 0.036354 seconds 
Number of asset objects unloaded after import = 139
========================================================================
Received Import Request.
  Time since last request: 0.000028 seconds.
  path: Assets/Models/YBot/SwordAndShield/sword and shield jump.fbx
  artifactKey: Guid(fd6a2b05237469245b59faf825aaa7b9) Importer(815301076,1909f56bfc062723c751e8b465ee728b)
Number of updated assets reloaded before import = 0
Start importing Assets/Models/YBot/SwordAndShield/sword and shield jump.fbx using Guid(fd6a2b05237469245b59faf825aaa7b9) Importer(815301076,1909f56bfc062723c751e8b465ee728b)  -> (artifact id: '29b12e3e7212ce4f084628bc88f2f4c4') in 0.040590 seconds 
Number of asset objects unloaded after import = 139
========================================================================
Received Import Request.
  Time since last request: 0.000028 seconds.
  path: Assets/Models/YBot/SwordAndShield/sword and shield kick.fbx
  artifactKey: Guid(ba917c36b57a3294bbb05eff453c389a) Importer(815301076,1909f56bfc062723c751e8b465ee728b)
Number of updated assets reloaded before import = 0
Start importing Assets/Models/YBot/SwordAndShield/sword and shield kick.fbx using Guid(ba917c36b57a3294bbb05eff453c389a) Importer(815301076,1909f56bfc062723c751e8b465ee728b)  -> (artifact id: '9f50ae6878a94764635878119fdff9d6') in 0.037881 seconds 
Number of asset objects unloaded after import = 139
========================================================================
Received Import Request.
  Time since last request: 0.000020 seconds.
  path: Assets/Models/YBot/SwordAndShield/sword and shield impact (2).fbx
  artifactKey: Guid(96543b68304cac3468af1d71bcd85444) Importer(815301076,1909f56bfc062723c751e8b465ee728b)
Number of updated assets reloaded before import = 0
Start importing Assets/Models/YBot/SwordAndShield/sword and shield impact (2).fbx using Guid(96543b68304cac3468af1d71bcd85444) Importer(815301076,1909f56bfc062723c751e8b465ee728b)  -> (artifact id: '4ecc4668240f349676de2784a7a66282') in 0.040426 seconds 
Number of asset objects unloaded after import = 139
========================================================================
Received Import Request.
  Time since last request: 0.000033 seconds.
  path: Assets/Models/YBot/SwordAndShield/sword and shield 180 turn.fbx
  artifactKey: Guid(fd4d03504fe2da045ac7c3bf8dfc9f26) Importer(815301076,1909f56bfc062723c751e8b465ee728b)
Number of updated assets reloaded before import = 0
Start importing Assets/Models/YBot/SwordAndShield/sword and shield 180 turn.fbx using Guid(fd4d03504fe2da045ac7c3bf8dfc9f26) Importer(815301076,1909f56bfc062723c751e8b465ee728b)  -> (artifact id: '97347897f5b0c9ae1edc19a6b3715bde') in 0.045008 seconds 
Number of asset objects unloaded after import = 139
Editor requested this worker to shutdown with reason: Scaling down because of idle timeout
AssetImportWorker is now disconnected from the server
Process exiting
Exiting without the bug reporter. Application will terminate with return code 0